app/build/intermediates/manifest_merge_blame_file/debug/manifest-merger-blame-debug-report.txt
1<?xml version="1.0" encoding="utf-8"?>
2<manifest xmlns:android="http://schemas.android.com/apk/res/android"
3    package="com.example.screenrecorderv2"
4    android:versionCode="1"
5    android:versionName="1.0.0" >
6
7    <uses-sdk
8        android:minSdkVersion="21"
8-->src\main\AndroidManifest.xml
9        android:targetSdkVersion="30" />
9-->src\main\AndroidManifest.xml
10
11    <uses-permission android:name="android.permission.VIBRATE" />
11-->src\main\AndroidManifest.xml:8:5-66
11-->src\main\AndroidManifest.xml:8:22-63
12    <uses-permission android:name="android.permission.WRITE_EXTERNAL_STORAGE" />
12-->src\main\AndroidManifest.xml:9:5-81
12-->src\main\AndroidManifest.xml:9:22-78
13    <uses-permission android:name="android.permission.READ_EXTERNAL_STORAGE" />
13-->src\main\AndroidManifest.xml:10:5-80
13-->src\main\AndroidManifest.xml:10:22-77
14    <uses-permission android:name="android.permission.INTERNET" />
14-->src\main\AndroidManifest.xml:11:5-67
14-->src\main\AndroidManifest.xml:11:22-64
15    <uses-permission android:name="android.permission.SYSTEM_ALERT_WINDOW" />
15-->src\main\AndroidManifest.xml:12:5-78
15-->src\main\AndroidManifest.xml:12:22-75
16    <uses-permission android:name="android.permission.FOREGROUND_SERVICE" />
16-->src\main\AndroidManifest.xml:13:5-77
16-->src\main\AndroidManifest.xml:13:22-74
17    <uses-permission android:name="android.permission.CAMERA" />
17-->src\main\AndroidManifest.xml:14:5-65
17-->src\main\AndroidManifest.xml:14:22-62
18
19    <uses-feature
19-->src\main\AndroidManifest.xml:16:5-18:36
20        android:name="android.hardware.camera"
20-->src\main\AndroidManifest.xml:17:9-47
21        android:required="true" />
21-->src\main\AndroidManifest.xml:18:9-33
22    <uses-feature
22-->src\main\AndroidManifest.xml:19:5-21:36
23        android:name="android.hardware.camera2"
23-->src\main\AndroidManifest.xml:20:9-48
24        android:required="false" />
24-->src\main\AndroidManifest.xml:21:9-33
25    <uses-feature
25-->src\main\AndroidManifest.xml:22:5-24:36
26        android:name="android.hardware.camera.autofocus"
26-->src\main\AndroidManifest.xml:23:9-57
27        android:required="false" />
27-->src\main\AndroidManifest.xml:24:9-33
28
29    <uses-permission android:name="android.permission.RECORD_AUDIO" />
29-->src\main\AndroidManifest.xml:26:5-71
29-->src\main\AndroidManifest.xml:26:22-68
30    <uses-permission android:name="android.permission.ACCESS_NETWORK_STATE" /> <!-- Android package visibility setting -->
30-->[:ads] AndroidManifest.xml:10:5-79
30-->[:ads] AndroidManifest.xml:10:22-76
31    <queries>
31-->[com.google.android.gms:play-services-ads-lite:20.2.0] AndroidManifest.xml:27:5-43:15
32
33        <!-- For browser content -->
34        <intent>
34-->[com.google.android.gms:play-services-ads-lite:20.2.0] AndroidManifest.xml:30:9-36:18
35            <action android:name="android.intent.action.VIEW" />
35-->[com.google.android.gms:play-services-ads-lite:20.2.0] AndroidManifest.xml:31:13-65
35-->[com.google.android.gms:play-services-ads-lite:20.2.0] AndroidManifest.xml:31:21-62
36
37            <category android:name="android.intent.category.BROWSABLE" />
37-->[com.google.android.gms:play-services-ads-lite:20.2.0] AndroidManifest.xml:33:13-74
37-->[com.google.android.gms:play-services-ads-lite:20.2.0] AndroidManifest.xml:33:23-71
38
39            <data android:scheme="https" />
39-->[com.google.android.gms:play-services-ads-lite:20.2.0] AndroidManifest.xml:35:13-44
39-->[com.google.android.gms:play-services-ads-lite:20.2.0] AndroidManifest.xml:35:19-41
40        </intent>
41        <!-- End of browser content -->
42        <!-- For CustomTabsService -->
43        <intent>
43-->[com.google.android.gms:play-services-ads-lite:20.2.0] AndroidManifest.xml:39:9-41:18
44            <action android:name="android.support.customtabs.action.CustomTabsService" />
44-->[com.google.android.gms:play-services-ads-lite:20.2.0] AndroidManifest.xml:40:13-90
44-->[com.google.android.gms:play-services-ads-lite:20.2.0] AndroidManifest.xml:40:21-87
45        </intent>
46        <!-- End of CustomTabsService -->
47    </queries>
48
49    <uses-permission android:name="android.permission.WAKE_LOCK" />
49-->[com.google.android.gms:play-services-measurement-sdk-api:18.0.0] AndroidManifest.xml:25:5-68
49-->[com.google.android.gms:play-services-measurement-sdk-api:18.0.0] AndroidManifest.xml:25:22-65
50    <uses-permission android:name="android.permission.RECEIVE_BOOT_COMPLETED" />
50-->[androidx.work:work-runtime:2.1.0] AndroidManifest.xml:27:5-81
50-->[androidx.work:work-runtime:2.1.0] AndroidManifest.xml:27:22-78
51
52    <application
52-->src\main\AndroidManifest.xml:28:5-104:19
53        android:name="com.example.screenrecorderv2.MyApp"
53-->src\main\AndroidManifest.xml:29:9-30
54        android:allowBackup="true"
54-->src\main\AndroidManifest.xml:30:9-35
55        android:appComponentFactory="androidx.core.app.CoreComponentFactory"
55-->[androidx.core:core:1.5.0] AndroidManifest.xml:24:18-86
56        android:debuggable="true"
57        android:hardwareAccelerated="true"
57-->src\main\AndroidManifest.xml:37:9-43
58        android:icon="@drawable/logo"
58-->src\main\AndroidManifest.xml:31:9-38
59        android:label="@string/app_name"
59-->src\main\AndroidManifest.xml:32:9-41
60        android:largeHeap="true"
60-->src\main\AndroidManifest.xml:36:9-33
61        android:requestLegacyExternalStorage="true"
61-->src\main\AndroidManifest.xml:33:9-52
62        android:roundIcon="@mipmap/ic_launcher_round"
62-->src\main\AndroidManifest.xml:34:9-54
63        android:supportsRtl="true"
63-->src\main\AndroidManifest.xml:35:9-35
64        android:testOnly="true"
65        android:theme="@style/Theme.ScreenRecorderV2.NoActionBar.Overlay"
65-->src\main\AndroidManifest.xml:38:9-74
66        android:usesCleartextTraffic="true" >
66-->src\main\AndroidManifest.xml:39:9-44
67        <activity
67-->src\main\AndroidManifest.xml:41:9-50:20
68            android:name="com.example.screenrecorderv2.ui.splash.SplashActivity"
68-->src\main\AndroidManifest.xml:42:13-53
69            android:launchMode="singleInstance"
69-->src\main\AndroidManifest.xml:43:13-48
70            android:screenOrientation="portrait" >
70-->src\main\AndroidManifest.xml:44:13-49
71            <intent-filter>
71-->src\main\AndroidManifest.xml:45:13-49:29
72                <action android:name="android.intent.action.MAIN" />
72-->src\main\AndroidManifest.xml:46:17-69
72-->src\main\AndroidManifest.xml:46:25-66
73
74                <category android:name="android.intent.category.LAUNCHER" />
74-->src\main\AndroidManifest.xml:48:17-77
74-->src\main\AndroidManifest.xml:48:27-74
75            </intent-filter>
76        </activity>
77
78        <meta-data
78-->src\main\AndroidManifest.xml:52:9-54:52
79            android:name="com.google.android.gms.ads.APPLICATION_ID"
79-->src\main\AndroidManifest.xml:53:13-69
80            android:value="@string/admob_app_id" />
80-->src\main\AndroidManifest.xml:54:13-49
81
82        <activity
82-->src\main\AndroidManifest.xml:56:9-58:52
83            android:name="com.example.screenrecorderv2.ui.main.MainActivity"
83-->src\main\AndroidManifest.xml:57:13-49
84            android:screenOrientation="portrait" />
84-->src\main\AndroidManifest.xml:58:13-49
85        <activity
85-->src\main\AndroidManifest.xml:59:9-63:56
86            android:name="com.example.screenrecorderv2.ui.cameraview.CameraActivity"
86-->src\main\AndroidManifest.xml:60:13-57
87            android:excludeFromRecents="true"
87-->src\main\AndroidManifest.xml:61:13-46
88            android:launchMode="singleInstance"
88-->src\main\AndroidManifest.xml:62:13-48
89            android:theme="@style/Theme_Transparent" />
89-->src\main\AndroidManifest.xml:63:13-53
90        <activity
90-->src\main\AndroidManifest.xml:64:9-66:50
91            android:name="com.example.screenrecorderv2.ui.guide.GuidePermissionOverlayActivity"
91-->src\main\AndroidManifest.xml:65:13-68
92            android:theme="@style/Theme_Guide" />
92-->src\main\AndroidManifest.xml:66:13-47
93        <activity android:name="com.example.screenrecorderv2.ui.trimvideo.VideoTrimActivity" />
93-->src\main\AndroidManifest.xml:67:9-68:62
93-->src\main\AndroidManifest.xml:68:13-59
94        <activity
94-->src\main\AndroidManifest.xml:70:9-74:56
95            android:name="com.example.screenrecorderv2.ui.record.RecordActivity"
95-->src\main\AndroidManifest.xml:71:13-53
96            android:excludeFromRecents="true"
96-->src\main\AndroidManifest.xml:72:13-46
97            android:launchMode="singleInstance"
97-->src\main\AndroidManifest.xml:73:13-48
98            android:theme="@style/Theme_Transparent" />
98-->src\main\AndroidManifest.xml:74:13-53
99        <activity
99-->src\main\AndroidManifest.xml:76:9-80:56
100            android:name="com.example.screenrecorderv2.ui.screenshot.ScreenShotActivity"
100-->src\main\AndroidManifest.xml:77:13-61
101            android:excludeFromRecents="true"
101-->src\main\AndroidManifest.xml:78:13-46
102            android:launchMode="singleInstance"
102-->src\main\AndroidManifest.xml:79:13-48
103            android:theme="@style/Theme_Transparent" />
103-->src\main\AndroidManifest.xml:80:13-53
104        <activity
104-->src\main\AndroidManifest.xml:82:9-86:56
105            android:name="com.example.screenrecorderv2.ui.tools.ToolsActivity"
105-->src\main\AndroidManifest.xml:83:13-51
106            android:excludeFromRecents="true"
106-->src\main\AndroidManifest.xml:84:13-46
107            android:launchMode="singleInstance"
107-->src\main\AndroidManifest.xml:85:13-48
108            android:theme="@style/Theme_Transparent" />
108-->src\main\AndroidManifest.xml:86:13-53
109
110        <service
110-->src\main\AndroidManifest.xml:88:9-93:35
111            android:name="com.example.screenrecorderv2.service.MyService"
111-->src\main\AndroidManifest.xml:89:13-46
112            android:enabled="true"
112-->src\main\AndroidManifest.xml:90:13-35
113            android:exported="false"
113-->src\main\AndroidManifest.xml:91:13-37
114            android:foregroundServiceType="mediaProjection" />
114-->src\main\AndroidManifest.xml:92:13-60
115
116        <provider
116-->src\main\AndroidManifest.xml:95:9-103:20
117            android:name="androidx.core.content.FileProvider"
117-->src\main\AndroidManifest.xml:96:13-62
118            android:authorities="com.example.screenrecorderv2.provider"
118-->src\main\AndroidManifest.xml:97:13-72
119            android:exported="false"
119-->src\main\AndroidManifest.xml:98:13-37
120            android:grantUriPermissions="true" >
120-->src\main\AndroidManifest.xml:99:13-47
121            <meta-data
121-->src\main\AndroidManifest.xml:100:13-102:54
122                android:name="android.support.FILE_PROVIDER_PATHS"
122-->src\main\AndroidManifest.xml:101:17-67
123                android:resource="@xml/file_paths" />
123-->src\main\AndroidManifest.xml:102:17-51
124        </provider>
125        <!-- Include the AdActivity and InAppPurchaseActivity configChanges and themes. -->
126        <activity
126-->[com.google.android.gms:play-services-ads-lite:20.2.0] AndroidManifest.xml:48:9-52:64
127            android:name="com.google.android.gms.ads.AdActivity"
127-->[com.google.android.gms:play-services-ads-lite:20.2.0] AndroidManifest.xml:49:13-65
128            android:configChanges="keyboard|keyboardHidden|orientation|screenLayout|uiMode|screenSize|smallestScreenSize"
128-->[com.google.android.gms:play-services-ads-lite:20.2.0] AndroidManifest.xml:50:13-122
129            android:exported="false"
129-->[com.google.android.gms:play-services-ads-lite:20.2.0] AndroidManifest.xml:51:13-37
130            android:theme="@android:style/Theme.Translucent" />
130-->[com.google.android.gms:play-services-ads-lite:20.2.0] AndroidManifest.xml:52:13-61
131
132        <provider
132-->[com.google.android.gms:play-services-ads-lite:20.2.0] AndroidManifest.xml:54:9-58:39
133            android:name="com.google.android.gms.ads.MobileAdsInitProvider"
133-->[com.google.android.gms:play-services-ads-lite:20.2.0] AndroidManifest.xml:55:13-76
134            android:authorities="com.example.screenrecorderv2.mobileadsinitprovider"
134-->[com.google.android.gms:play-services-ads-lite:20.2.0] AndroidManifest.xml:56:13-73
135            android:exported="false"
135-->[com.google.android.gms:play-services-ads-lite:20.2.0] AndroidManifest.xml:57:13-37
136            android:initOrder="100" />
136-->[com.google.android.gms:play-services-ads-lite:20.2.0] AndroidManifest.xml:58:13-36
137
138        <service
138-->[com.google.android.gms:play-services-ads-lite:20.2.0] AndroidManifest.xml:60:9-63:40
139            android:name="com.google.android.gms.ads.AdService"
139-->[com.google.android.gms:play-services-ads-lite:20.2.0] AndroidManifest.xml:61:13-64
140            android:enabled="true"
140-->[com.google.android.gms:play-services-ads-lite:20.2.0] AndroidManifest.xml:62:13-35
141            android:exported="false" />
141-->[com.google.android.gms:play-services-ads-lite:20.2.0] AndroidManifest.xml:63:13-37
142
143        <meta-data
143-->[com.google.android.gms:play-services-basement:17.6.0] AndroidManifest.xml:23:9-25:69
144            android:name="com.google.android.gms.version"
144-->[com.google.android.gms:play-services-basement:17.6.0] AndroidManifest.xml:24:13-58
145            android:value="@integer/google_play_services_version" />
145-->[com.google.android.gms:play-services-basement:17.6.0] AndroidManifest.xml:25:13-66
146
147        <provider
147-->[androidx.work:work-runtime:2.1.0] AndroidManifest.xml:30:9-36:35
148            android:name="androidx.work.impl.WorkManagerInitializer"
148-->[androidx.work:work-runtime:2.1.0] AndroidManifest.xml:31:13-69
149            android:authorities="com.example.screenrecorderv2.workmanager-init"
149-->[androidx.work:work-runtime:2.1.0] AndroidManifest.xml:32:13-68
150            android:directBootAware="false"
150-->[androidx.work:work-runtime:2.1.0] AndroidManifest.xml:33:13-44
151            android:exported="false"
151-->[androidx.work:work-runtime:2.1.0] AndroidManifest.xml:34:13-37
152            android:multiprocess="true" />
152-->[androidx.work:work-runtime:2.1.0] AndroidManifest.xml:35:13-40
153
154        <service
154-->[androidx.work:work-runtime:2.1.0] AndroidManifest.xml:38:9-43:35
155            android:name="androidx.work.impl.background.systemalarm.SystemAlarmService"
155-->[androidx.work:work-runtime:2.1.0] AndroidManifest.xml:39:13-88
156            android:directBootAware="false"
156-->[androidx.work:work-runtime:2.1.0] AndroidManifest.xml:40:13-44
157            android:enabled="@bool/enable_system_alarm_service_default"
157-->[androidx.work:work-runtime:2.1.0] AndroidManifest.xml:41:13-72
158            android:exported="false" />
158-->[androidx.work:work-runtime:2.1.0] AndroidManifest.xml:42:13-37
159        <service
159-->[androidx.work:work-runtime:2.1.0] AndroidManifest.xml:44:9-50:35
160            android:name="androidx.work.impl.background.systemjob.SystemJobService"
160-->[androidx.work:work-runtime:2.1.0] AndroidManifest.xml:45:13-84
161            android:directBootAware="false"
161-->[androidx.work:work-runtime:2.1.0] AndroidManifest.xml:46:13-44
162            android:enabled="@bool/enable_system_job_service_default"
162-->[androidx.work:work-runtime:2.1.0] AndroidManifest.xml:47:13-70
163            android:exported="true"
163-->[androidx.work:work-runtime:2.1.0] AndroidManifest.xml:48:13-36
164            android:permission="android.permission.BIND_JOB_SERVICE" />
164-->[androidx.work:work-runtime:2.1.0] AndroidManifest.xml:49:13-69
165
166        <receiver
166-->[androidx.work:work-runtime:2.1.0] AndroidManifest.xml:52:9-57:35
167            android:name="androidx.work.impl.utils.ForceStopRunnable$BroadcastReceiver"
167-->[androidx.work:work-runtime:2.1.0] AndroidManifest.xml:53:13-88
168            android:directBootAware="false"
168-->[androidx.work:work-runtime:2.1.0] AndroidManifest.xml:54:13-44
169            android:enabled="true"
169-->[androidx.work:work-runtime:2.1.0] AndroidManifest.xml:55:13-35
170            android:exported="false" />
170-->[androidx.work:work-runtime:2.1.0] AndroidManifest.xml:56:13-37
171        <receiver
171-->[androidx.work:work-runtime:2.1.0] AndroidManifest.xml:58:9-68:20
172            android:name="androidx.work.impl.background.systemalarm.ConstraintProxy$BatteryChargingProxy"
172-->[androidx.work:work-runtime:2.1.0] AndroidManifest.xml:59:13-106
173            android:directBootAware="false"
173-->[androidx.work:work-runtime:2.1.0] AndroidManifest.xml:60:13-44
174            android:enabled="false"
174-->[androidx.work:work-runtime:2.1.0] AndroidManifest.xml:61:13-36
175            android:exported="false" >
175-->[androidx.work:work-runtime:2.1.0] AndroidManifest.xml:62:13-37
176            <intent-filter>
176-->[androidx.work:work-runtime:2.1.0] AndroidManifest.xml:64:13-67:29
177                <action android:name="android.intent.action.ACTION_POWER_CONNECTED" />
177-->[androidx.work:work-runtime:2.1.0] AndroidManifest.xml:65:17-87
177-->[androidx.work:work-runtime:2.1.0] AndroidManifest.xml:65:25-84
178                <action android:name="android.intent.action.ACTION_POWER_DISCONNECTED" />
178-->[androidx.work:work-runtime:2.1.0] AndroidManifest.xml:66:17-90
178-->[androidx.work:work-runtime:2.1.0] AndroidManifest.xml:66:25-87
179            </intent-filter>
180        </receiver>
181        <receiver
181-->[androidx.work:work-runtime:2.1.0] AndroidManifest.xml:69:9-79:20
182            android:name="androidx.work.impl.background.systemalarm.ConstraintProxy$BatteryNotLowProxy"
182-->[androidx.work:work-runtime:2.1.0] AndroidManifest.xml:70:13-104
183            android:directBootAware="false"
183-->[androidx.work:work-runtime:2.1.0] AndroidManifest.xml:71:13-44
184            android:enabled="false"
184-->[androidx.work:work-runtime:2.1.0] AndroidManifest.xml:72:13-36
185            android:exported="false" >
185-->[androidx.work:work-runtime:2.1.0] AndroidManifest.xml:73:13-37
186            <intent-filter>
186-->[androidx.work:work-runtime:2.1.0] AndroidManifest.xml:75:13-78:29
187                <action android:name="android.intent.action.BATTERY_OKAY" />
187-->[androidx.work:work-runtime:2.1.0] AndroidManifest.xml:76:17-77
187-->[androidx.work:work-runtime:2.1.0] AndroidManifest.xml:76:25-74
188                <action android:name="android.intent.action.BATTERY_LOW" />
188-->[androidx.work:work-runtime:2.1.0] AndroidManifest.xml:77:17-76
188-->[androidx.work:work-runtime:2.1.0] AndroidManifest.xml:77:25-73
189            </intent-filter>
190        </receiver>
191        <receiver
191-->[androidx.work:work-runtime:2.1.0] AndroidManifest.xml:80:9-90:20
192            android:name="androidx.work.impl.background.systemalarm.ConstraintProxy$StorageNotLowProxy"
192-->[androidx.work:work-runtime:2.1.0] AndroidManifest.xml:81:13-104
193            android:directBootAware="false"
193-->[androidx.work:work-runtime:2.1.0] AndroidManifest.xml:82:13-44
194            android:enabled="false"
194-->[androidx.work:work-runtime:2.1.0] AndroidManifest.xml:83:13-36
195            android:exported="false" >
195-->[androidx.work:work-runtime:2.1.0] AndroidManifest.xml:84:13-37
196            <intent-filter>
196-->[androidx.work:work-runtime:2.1.0] AndroidManifest.xml:86:13-89:29
197                <action android:name="android.intent.action.DEVICE_STORAGE_LOW" />
197-->[androidx.work:work-runtime:2.1.0] AndroidManifest.xml:87:17-83
197-->[androidx.work:work-runtime:2.1.0] AndroidManifest.xml:87:25-80
198                <action android:name="android.intent.action.DEVICE_STORAGE_OK" />
198-->[androidx.work:work-runtime:2.1.0] AndroidManifest.xml:88:17-82
198-->[androidx.work:work-runtime:2.1.0] AndroidManifest.xml:88:25-79
199            </intent-filter>
200        </receiver>
201        <receiver
201-->[androidx.work:work-runtime:2.1.0] AndroidManifest.xml:91:9-100:20
202            android:name="androidx.work.impl.background.systemalarm.ConstraintProxy$NetworkStateProxy"
202-->[androidx.work:work-runtime:2.1.0] AndroidManifest.xml:92:13-103
203            android:directBootAware="false"
203-->[androidx.work:work-runtime:2.1.0] AndroidManifest.xml:93:13-44
204            android:enabled="false"
204-->[androidx.work:work-runtime:2.1.0] AndroidManifest.xml:94:13-36
205            android:exported="false" >
205-->[androidx.work:work-runtime:2.1.0] AndroidManifest.xml:95:13-37
206            <intent-filter>
206-->[androidx.work:work-runtime:2.1.0] AndroidManifest.xml:97:13-99:29
207                <action android:name="android.net.conn.CONNECTIVITY_CHANGE" />
207-->[androidx.work:work-runtime:2.1.0] AndroidManifest.xml:98:17-79
207-->[androidx.work:work-runtime:2.1.0] AndroidManifest.xml:98:25-76
208            </intent-filter>
209        </receiver>
210        <receiver
210-->[androidx.work:work-runtime:2.1.0] AndroidManifest.xml:101:9-112:20
211            android:name="androidx.work.impl.background.systemalarm.RescheduleReceiver"
211-->[androidx.work:work-runtime:2.1.0] AndroidManifest.xml:102:13-88
212            android:directBootAware="false"
212-->[androidx.work:work-runtime:2.1.0] AndroidManifest.xml:103:13-44
213            android:enabled="false"
213-->[androidx.work:work-runtime:2.1.0] AndroidManifest.xml:104:13-36
214            android:exported="false" >
214-->[androidx.work:work-runtime:2.1.0] AndroidManifest.xml:105:13-37
215            <intent-filter>
215-->[androidx.work:work-runtime:2.1.0] AndroidManifest.xml:107:13-111:29
216                <action android:name="android.intent.action.BOOT_COMPLETED" />
216-->[androidx.work:work-runtime:2.1.0] AndroidManifest.xml:108:17-79
216-->[androidx.work:work-runtime:2.1.0] AndroidManifest.xml:108:25-76
217                <action android:name="android.intent.action.TIME_SET" />
217-->[androidx.work:work-runtime:2.1.0] AndroidManifest.xml:109:17-73
217-->[androidx.work:work-runtime:2.1.0] AndroidManifest.xml:109:25-70
218                <action android:name="android.intent.action.TIMEZONE_CHANGED" />
218-->[androidx.work:work-runtime:2.1.0] AndroidManifest.xml:110:17-81
218-->[androidx.work:work-runtime:2.1.0] AndroidManifest.xml:110:25-78
219            </intent-filter>
220        </receiver>
221        <receiver
221-->[androidx.work:work-runtime:2.1.0] AndroidManifest.xml:113:9-122:20
222            android:name="androidx.work.impl.background.systemalarm.ConstraintProxyUpdateReceiver"
222-->[androidx.work:work-runtime:2.1.0] AndroidManifest.xml:114:13-99
223            android:directBootAware="false"
223-->[androidx.work:work-runtime:2.1.0] AndroidManifest.xml:115:13-44
224            android:enabled="@bool/enable_system_alarm_service_default"
224-->[androidx.work:work-runtime:2.1.0] AndroidManifest.xml:116:13-72
225            android:exported="false" >
225-->[androidx.work:work-runtime:2.1.0] AndroidManifest.xml:117:13-37
226            <intent-filter>
226-->[androidx.work:work-runtime:2.1.0] AndroidManifest.xml:119:13-121:29
227                <action android:name="androidx.work.impl.background.systemalarm.UpdateProxies" />
227-->[androidx.work:work-runtime:2.1.0] AndroidManifest.xml:120:17-98
227-->[androidx.work:work-runtime:2.1.0] AndroidManifest.xml:120:25-95
228            </intent-filter>
229        </receiver>
230
231        <service
231-->[androidx.room:room-runtime:2.1.0] AndroidManifest.xml:25:9-27:40
232            android:name="androidx.room.MultiInstanceInvalidationService"
232-->[androidx.room:room-runtime:2.1.0] AndroidManifest.xml:26:13-74
233            android:exported="false" />
233-->[androidx.room:room-runtime:2.1.0] AndroidManifest.xml:27:13-37
234
235        <provider
235-->[androidx.lifecycle:lifecycle-process:2.0.0] AndroidManifest.xml:23:9-27:43
236            android:name="androidx.lifecycle.ProcessLifecycleOwnerInitializer"
236-->[androidx.lifecycle:lifecycle-process:2.0.0] AndroidManifest.xml:24:13-79
237            android:authorities="com.example.screenrecorderv2.lifecycle-process"
237-->[androidx.lifecycle:lifecycle-process:2.0.0] AndroidManifest.xml:25:13-69
238            android:exported="false"
238-->[androidx.lifecycle:lifecycle-process:2.0.0] AndroidManifest.xml:26:13-37
239            android:multiprocess="true" />
239-->[androidx.lifecycle:lifecycle-process:2.0.0] AndroidManifest.xml:27:13-40
240    </application>
241
242</manifest>